<?xml version="1.0" encoding="UTF-8"?>
<!-- Generated by org.testng.reporters.JUnitReportReporter -->
<testsuite skipped="0" hostname="LAPTOP-RDJK14AM" name="example.TestNGTest" tests="1" failures="0" timestamp="31 七月 2019 12:04:08 GMT" time="0.875" errors="0">
  <testcase name="test" time="0.875" classname="example.TestNGTest"/>
</testsuite> <!-- example.TestNGTest -->
